TN:
SF:src\app\services\CarOnSaleClient\classes\CarOnSaleClient.ts
FN:12,(anonymous_2)
FN:49,(anonymous_3)
FNF:2
FNH:0
FNDA:0,(anonymous_2)
FNDA:0,(anonymous_3)
DA:1,1
DA:5,1
DA:6,1
DA:11,1
DA:13,0
DA:17,0
DA:23,0
DA:31,0
DA:34,0
DA:36,0
DA:37,0
DA:45,0
DA:50,0
DA:51,0
DA:52,0
DA:53,0
LF:16
LH:4
BRF:0
BRH:0
end_of_record
TN:
SF:src\app\tests\services\CarOnSaleClient.spec.ts
FN:9,(anonymous_0)
FN:12,(anonymous_1)
FN:15,(anonymous_2)
FN:18,(anonymous_3)
FN:32,(anonymous_4)
FN:35,(anonymous_5)
FN:36,(anonymous_6)
FNF:7
FNH:7
FNDA:1,(anonymous_0)
FNDA:1,(anonymous_1)
FNDA:1,(anonymous_2)
FNDA:1,(anonymous_3)
FNDA:1,(anonymous_4)
FNDA:1,(anonymous_5)
FNDA:1,(anonymous_6)
DA:1,1
DA:2,1
DA:3,1
DA:5,1
DA:6,1
DA:7,1
DA:9,1
DA:12,1
DA:13,1
DA:15,1
DA:16,1
DA:19,1
DA:27,1
DA:32,1
DA:33,1
DA:35,1
DA:36,1
DA:37,1
DA:40,1
DA:42,1
DA:43,1
LF:21
LH:21
BRF:0
BRH:0
end_of_record
TN:
SF:src\app\tests\ulils\FormattingRunningAuction.spec.ts
FN:8,(anonymous_0)
FN:9,(anonymous_1)
FN:10,(anonymous_2)
FN:16,(anonymous_3)
FNF:4
FNH:4
FNDA:1,(anonymous_0)
FNDA:1,(anonymous_1)
FNDA:1,(anonymous_2)
FNDA:1,(anonymous_3)
DA:1,1
DA:2,1
DA:3,1
DA:5,1
DA:6,1
DA:8,1
DA:9,1
DA:10,1
DA:11,1
DA:12,1
DA:13,1
DA:14,1
DA:16,1
DA:17,1
DA:18,1
DA:19,1
DA:20,1
LF:17
LH:17
BRF:0
BRH:0
end_of_record
TN:
SF:src\app\tests\ulils\authApi.spec.ts
FN:8,(anonymous_0)
FN:11,(anonymous_1)
FN:18,(anonymous_2)
FN:19,(anonymous_3)
FN:27,(anonymous_4)
FN:43,(anonymous_5)
FN:44,(anonymous_6)
FN:65,(anonymous_7)
FN:66,(anonymous_8)
FNF:9
FNH:9
FNDA:1,(anonymous_0)
FNDA:4,(anonymous_1)
FNDA:1,(anonymous_2)
FNDA:1,(anonymous_3)
FNDA:1,(anonymous_4)
FNDA:1,(anonymous_5)
FNDA:1,(anonymous_6)
FNDA:1,(anonymous_7)
FNDA:1,(anonymous_8)
DA:1,1
DA:2,1
DA:4,1
DA:6,1
DA:8,1
DA:9,1
DA:10,1
DA:11,1
DA:12,4
DA:13,4
DA:14,4
DA:15,4
DA:18,1
DA:19,1
DA:20,1
DA:21,1
DA:22,1
DA:24,1
DA:27,1
DA:28,1
DA:29,1
DA:30,1
DA:32,1
DA:33,1
DA:34,0
DA:36,1
DA:43,1
DA:44,1
DA:45,1
DA:46,1
DA:56,1
DA:57,1
DA:59,1
DA:60,1
DA:65,1
DA:66,1
DA:67,1
DA:68,1
LF:38
LH:37
BRDA:36,0,0,0
BRDA:36,0,1,1
BRF:2
BRH:1
end_of_record
TN:
SF:src\app\utils\AuthAPI.ts
FN:4,(anonymous_1)
FN:27,(anonymous_2)
FN:34,(anonymous_3)
FN:48,(anonymous_4)
FN:61,(anonymous_5)
FNF:5
FNH:5
FNDA:1,(anonymous_1)
FNDA:2,(anonymous_2)
FNDA:1,(anonymous_3)
FNDA:1,(anonymous_4)
FNDA:1,(anonymous_5)
DA:1,1
DA:4,1
DA:5,1
DA:6,1
DA:7,1
DA:8,1
DA:17,1
DA:22,1
DA:28,2
DA:38,1
DA:52,1
DA:63,1
DA:65,1
DA:66,1
DA:67,1
DA:70,0
DA:71,0
DA:72,0
DA:75,0
LF:19
LH:15
BRDA:27,0,0,0
BRDA:35,1,0,1
BRDA:36,2,0,1
BRDA:49,3,0,1
BRDA:50,4,0,1
BRDA:67,5,0,1
BRDA:67,5,1,0
BRDA:72,6,0,0
BRDA:72,6,1,0
BRF:9
BRH:5
end_of_record
TN:
SF:src\app\utils\FormattingRunningAuction.ts
FN:9,FormattingRunningAuction
FNF:1
FNH:1
FNDA:2,FormattingRunningAuction
DA:9,1
DA:12,2
DA:13,1
DA:18,1
DA:19,1
DA:21,1
DA:22,1
DA:23,10
DA:24,10
DA:25,10
DA:28,0
DA:43,1
DA:46,1
DA:49,1
LF:14
LH:13
BRDA:12,0,0,1
BRDA:12,0,1,1
BRDA:24,1,0,10
BRDA:24,1,1,0
BRF:4
BRH:3
end_of_record
